2025-07-15 01:22:46,693 - INFO - Starting raw data loading process to PostgreSQL.
2025-07-15 01:22:46,764 - INFO - Checked/created 'raw.telegram_messages' table.
2025-07-15 01:22:46,806 - INFO - Found 9 Telegram message JSON files to process.
2025-07-15 01:22:46,913 - INFO - Successfully processed and loaded Telegram messages from /app/src/../data/raw/telegram_messages/2025-07-11/@CheMed123.json.
2025-07-15 01:22:47,106 - INFO - Successfully processed and loaded Telegram messages from /app/src/../data/raw/telegram_messages/2025-07-11/@lobelia4cosmetics.json.
2025-07-15 01:22:47,402 - INFO - Successfully processed and loaded Telegram messages from /app/src/../data/raw/telegram_messages/2025-07-11/@tikvahpharma.json.
2025-07-15 01:22:47,535 - INFO - Successfully processed and loaded Telegram messages from /app/src/../data/raw/telegram_messages/2025-07-13/@CheMed123.json.
2025-07-15 01:22:47,703 - INFO - Successfully processed and loaded Telegram messages from /app/src/../data/raw/telegram_messages/2025-07-13/@lobelia4cosmetics.json.
2025-07-15 01:22:47,851 - INFO - Successfully processed and loaded Telegram messages from /app/src/../data/raw/telegram_messages/2025-07-13/@tikvahpharma.json.
2025-07-15 01:22:47,939 - INFO - Successfully processed and loaded Telegram messages from /app/src/../data/raw/telegram_messages/2025-07-15/@CheMed123.json.
2025-07-15 01:22:48,006 - INFO - Inserted 100 new Telegram message records so far...
2025-07-15 01:22:48,063 - INFO - Successfully processed and loaded Telegram messages from /app/src/../data/raw/telegram_messages/2025-07-15/@lobelia4cosmetics.json.
2025-07-15 01:22:48,204 - INFO - Successfully processed and loaded Telegram messages from /app/src/../data/raw/telegram_messages/2025-07-15/@tikvahpharma.json.
2025-07-15 01:22:48,204 - INFO - Finished loading Telegram message raw data. Total new records inserted: 159.
2025-07-15 01:22:48,322 - INFO - Checked/created 'raw.yolo_detections' table.
2025-07-15 01:22:48,329 - INFO - Found 2 YOLO detection JSON files to process.
2025-07-15 01:22:48,383 - INFO - Successfully loaded YOLO detections from yolo_detections_2025-07-15_003733.json.
2025-07-15 01:22:48,408 - INFO - Successfully loaded YOLO detections from yolo_detections_2025-07-15_012221.json.
2025-07-15 01:22:48,409 - INFO - Finished loading YOLO detection raw data. Total new files loaded: 2.
2025-07-15 01:22:48,409 - INFO - Raw data loading process finished.
