2025-07-14 23:52:05,371 - INFO - YOLOv8n model loaded successfully.
2025-07-14 23:52:05,374 - INFO - Starting YOLO object detection pipeline.
2025-07-14 23:52:05,382 - WARNING - No metadata found for today in /app/src/../data/raw/telegram_messages/2025-07-14. Skipping detection.
2025-07-15 00:33:52,074 - INFO - YOLOv8n model loaded successfully.
2025-07-15 00:33:52,075 - INFO - Starting YOLO object detection pipeline.
2025-07-15 00:33:52,380 - INFO - YOLO detection results saved to: /app/src/../data/raw/yolo_detections/yolo_detections_2025-07-15_003352.json
2025-07-15 00:33:52,382 - INFO - YOLO object detection pipeline finished.
2025-07-15 00:37:12,353 - INFO - YOLOv8n model loaded successfully.
2025-07-15 00:37:12,354 - INFO - Starting YOLO object detection pipeline.
2025-07-15 00:37:12,366 - INFO - Detecting objects in image for message 97: /app/src/../data/raw/telegram_media/photo_97_20230210122306.jpg
2025-07-15 00:37:15,575 - INFO - Detecting objects in image for message 96: /app/src/../data/raw/telegram_media/photo_96_20230202085852.jpg
2025-07-15 00:37:15,703 - INFO - Detecting objects in image for message 95: /app/src/../data/raw/telegram_media/photo_95_20230201085937.jpg
2025-07-15 00:37:15,803 - INFO - Detecting objects in image for message 94: /app/src/../data/raw/telegram_media/photo_94_20230131091953.jpg
2025-07-15 00:37:15,914 - INFO - Detecting objects in image for message 93: /app/src/../data/raw/telegram_media/photo_93_20230130094525.jpg
2025-07-15 00:37:16,014 - INFO - Detecting objects in image for message 92: /app/src/../data/raw/telegram_media/photo_92_20230127071840.jpg
2025-07-15 00:37:16,115 - INFO - Detecting objects in image for message 91: /app/src/../data/raw/telegram_media/photo_91_20230126182753.jpg
2025-07-15 00:37:16,214 - INFO - Detecting objects in image for message 90: /app/src/../data/raw/telegram_media/photo_90_20230123103920.jpg
2025-07-15 00:37:16,321 - INFO - Detecting objects in image for message 88: /app/src/../data/raw/telegram_media/photo_88_20230117084312.jpg
2025-07-15 00:37:16,432 - INFO - Detecting objects in image for message 87: /app/src/../data/raw/telegram_media/photo_87_20230116134135.jpg
2025-07-15 00:37:16,533 - INFO - Detecting objects in image for message 86: /app/src/../data/raw/telegram_media/photo_86_20230116101342.jpg
2025-07-15 00:37:16,638 - INFO - Detecting objects in image for message 85: /app/src/../data/raw/telegram_media/photo_85_20230116092609.jpg
2025-07-15 00:37:16,746 - INFO - Detecting objects in image for message 82: /app/src/../data/raw/telegram_media/photo_82_20230113124847.jpg
2025-07-15 00:37:16,858 - INFO - Detecting objects in image for message 81: /app/src/../data/raw/telegram_media/photo_81_20230113094414.jpg
2025-07-15 00:37:16,956 - INFO - Detecting objects in image for message 80: /app/src/../data/raw/telegram_media/photo_80_20230106160621.jpg
2025-07-15 00:37:17,051 - INFO - Detecting objects in image for message 79: /app/src/../data/raw/telegram_media/photo_79_20230106093117.jpg
2025-07-15 00:37:17,154 - INFO - Detecting objects in image for message 78: /app/src/../data/raw/telegram_media/photo_78_20230106060501.jpg
2025-07-15 00:37:17,245 - INFO - Detecting objects in image for message 77: /app/src/../data/raw/telegram_media/photo_77_20230104055802.jpg
2025-07-15 00:37:17,354 - INFO - Detecting objects in image for message 76: /app/src/../data/raw/telegram_media/photo_76_20230103174948.jpg
2025-07-15 00:37:17,428 - INFO - Detecting objects in image for message 75: /app/src/../data/raw/telegram_media/photo_75_20230103054834.jpg
2025-07-15 00:37:17,528 - INFO - Detecting objects in image for message 74: /app/src/../data/raw/telegram_media/photo_74_20230102070255.jpg
2025-07-15 00:37:17,637 - INFO - Detecting objects in image for message 71: /app/src/../data/raw/telegram_media/photo_71_20221230154535.jpg
2025-07-15 00:37:17,703 - INFO - Detecting objects in image for message 70: /app/src/../data/raw/telegram_media/photo_70_20221228170208.jpg
2025-07-15 00:37:17,781 - INFO - Detecting objects in image for message 67: /app/src/../data/raw/telegram_media/photo_67_20221228063150.jpg
2025-07-15 00:37:17,882 - INFO - Detecting objects in image for message 64: /app/src/../data/raw/telegram_media/photo_64_20221227170632.jpg
2025-07-15 00:37:17,993 - INFO - Detecting objects in image for message 60: /app/src/../data/raw/telegram_media/photo_60_20221223062615.jpg
2025-07-15 00:37:18,083 - INFO - Detecting objects in image for message 59: /app/src/../data/raw/telegram_media/photo_59_20221222064025.jpg
2025-07-15 00:37:18,182 - INFO - Detecting objects in image for message 58: /app/src/../data/raw/telegram_media/photo_58_20221222031126.jpg
2025-07-15 00:37:18,283 - INFO - Detecting objects in image for message 56: /app/src/../data/raw/telegram_media/photo_56_20221220172505.jpg
2025-07-15 00:37:18,398 - INFO - Detecting objects in image for message 55: /app/src/../data/raw/telegram_media/photo_55_20221220112859.jpg
2025-07-15 00:37:18,493 - INFO - Detecting objects in image for message 53: /app/src/../data/raw/telegram_media/photo_53_20221220074133.jpg
2025-07-15 00:37:18,579 - INFO - Detecting objects in image for message 52: /app/src/../data/raw/telegram_media/photo_52_20221216122101.jpg
2025-07-15 00:37:18,675 - INFO - Detecting objects in image for message 50: /app/src/../data/raw/telegram_media/photo_50_20221213055518.jpg
2025-07-15 00:37:18,768 - INFO - Detecting objects in image for message 49: /app/src/../data/raw/telegram_media/photo_49_20221209122853.jpg
2025-07-15 00:37:18,854 - INFO - Detecting objects in image for message 48: /app/src/../data/raw/telegram_media/photo_48_20221209040949.jpg
2025-07-15 00:37:18,955 - INFO - Detecting objects in image for message 46: /app/src/../data/raw/telegram_media/photo_46_20221207064348.jpg
2025-07-15 00:37:19,042 - INFO - Detecting objects in image for message 45: /app/src/../data/raw/telegram_media/photo_45_20221205055722.jpg
2025-07-15 00:37:19,141 - INFO - Detecting objects in image for message 44: /app/src/../data/raw/telegram_media/photo_44_20221204123518.jpg
2025-07-15 00:37:19,227 - INFO - Detecting objects in image for message 43: /app/src/../data/raw/telegram_media/photo_43_20221202134441.jpg
2025-07-15 00:37:19,334 - INFO - Detecting objects in image for message 41: /app/src/../data/raw/telegram_media/photo_41_20221202060612.jpg
2025-07-15 00:37:19,447 - INFO - Detecting objects in image for message 40: /app/src/../data/raw/telegram_media/photo_40_20221201064722.jpg
2025-07-15 00:37:19,521 - INFO - Detecting objects in image for message 39: /app/src/../data/raw/telegram_media/photo_39_20221130063144.jpg
2025-07-15 00:37:19,589 - INFO - Detecting objects in image for message 38: /app/src/../data/raw/telegram_media/photo_38_20221129074306.jpg
2025-07-15 00:37:19,673 - INFO - Detecting objects in image for message 34: /app/src/../data/raw/telegram_media/photo_34_20221122081547.jpg
2025-07-15 00:37:19,757 - INFO - Detecting objects in image for message 33: /app/src/../data/raw/telegram_media/photo_33_20221115115116.jpg
2025-07-15 00:37:19,845 - INFO - Detecting objects in image for message 32: /app/src/../data/raw/telegram_media/photo_32_20221115081741.jpg
2025-07-15 00:37:19,935 - INFO - Detecting objects in image for message 31: /app/src/../data/raw/telegram_media/photo_31_20221115052441.jpg
2025-07-15 00:37:20,019 - INFO - Detecting objects in image for message 30: /app/src/../data/raw/telegram_media/photo_30_20221109085325.jpg
2025-07-15 00:37:20,102 - INFO - Detecting objects in image for message 29: /app/src/../data/raw/telegram_media/photo_29_20221029202628.jpg
2025-07-15 00:37:20,185 - INFO - Detecting objects in image for message 27: /app/src/../data/raw/telegram_media/photo_27_20221028091509.jpg
2025-07-15 00:37:20,272 - INFO - Detecting objects in image for message 26: /app/src/../data/raw/telegram_media/photo_26_20221028064936.jpg
2025-07-15 00:37:20,356 - INFO - Detecting objects in image for message 25: /app/src/../data/raw/telegram_media/photo_25_20221024093419.jpg
2025-07-15 00:37:20,452 - INFO - Detecting objects in image for message 23: /app/src/../data/raw/telegram_media/photo_23_20221020122401.jpg
2025-07-15 00:37:20,535 - INFO - Detecting objects in image for message 22: /app/src/../data/raw/telegram_media/photo_22_20221018075736.jpg
2025-07-15 00:37:20,629 - INFO - Detecting objects in image for message 21: /app/src/../data/raw/telegram_media/photo_21_20221017140240.jpg
2025-07-15 00:37:20,732 - INFO - Detecting objects in image for message 20: /app/src/../data/raw/telegram_media/photo_20_20221012141452.jpg
2025-07-15 00:37:20,828 - INFO - Detecting objects in image for message 19: /app/src/../data/raw/telegram_media/photo_19_20221012141419.jpg
2025-07-15 00:37:20,909 - INFO - Detecting objects in image for message 18: /app/src/../data/raw/telegram_media/photo_18_20221006092346.jpg
2025-07-15 00:37:20,994 - INFO - Detecting objects in image for message 17: /app/src/../data/raw/telegram_media/photo_17_20221003051630.jpg
2025-07-15 00:37:21,077 - INFO - Detecting objects in image for message 15: /app/src/../data/raw/telegram_media/photo_15_20220930073342.jpg
2025-07-15 00:37:21,177 - INFO - Detecting objects in image for message 14: /app/src/../data/raw/telegram_media/photo_14_20220928054531.jpg
2025-07-15 00:37:21,258 - INFO - Detecting objects in image for message 13: /app/src/../data/raw/telegram_media/photo_13_20220916074231.jpg
2025-07-15 00:37:21,369 - INFO - Detecting objects in image for message 11: /app/src/../data/raw/telegram_media/photo_11_20220910155525.jpg
2025-07-15 00:37:21,471 - INFO - Detecting objects in image for message 10: /app/src/../data/raw/telegram_media/photo_10_20220907091640.jpg
2025-07-15 00:37:21,572 - INFO - Detecting objects in image for message 9: /app/src/../data/raw/telegram_media/photo_9_20220906042615.jpg
2025-07-15 00:37:21,648 - INFO - Detecting objects in image for message 3: /app/src/../data/raw/telegram_media/photo_3_20220905100205.jpg
2025-07-15 00:37:21,752 - INFO - Detecting objects in image for message 2: /app/src/../data/raw/telegram_media/photo_2_20220905095709.jpg
2025-07-15 00:37:21,844 - INFO - Detecting objects in image for message 18570: /app/src/../data/raw/telegram_media/photo_18570_20250714124526.jpg
2025-07-15 00:37:21,940 - INFO - Detecting objects in image for message 18569: /app/src/../data/raw/telegram_media/photo_18569_20250714124526.jpg
2025-07-15 00:37:22,035 - INFO - Detecting objects in image for message 18568: /app/src/../data/raw/telegram_media/photo_18568_20250714124526.jpg
2025-07-15 00:37:22,133 - INFO - Detecting objects in image for message 18567: /app/src/../data/raw/telegram_media/photo_18567_20250714124526.jpg
2025-07-15 00:37:22,233 - INFO - Detecting objects in image for message 18566: /app/src/../data/raw/telegram_media/photo_18566_20250714124526.jpg
2025-07-15 00:37:22,348 - INFO - Detecting objects in image for message 18565: /app/src/../data/raw/telegram_media/photo_18565_20250714124526.jpg
2025-07-15 00:37:22,429 - INFO - Detecting objects in image for message 18564: /app/src/../data/raw/telegram_media/photo_18564_20250714124525.jpg
2025-07-15 00:37:22,508 - INFO - Detecting objects in image for message 18563: /app/src/../data/raw/telegram_media/photo_18563_20250714124525.jpg
2025-07-15 00:37:22,611 - INFO - Detecting objects in image for message 18562: /app/src/../data/raw/telegram_media/photo_18562_20250714124525.jpg
2025-07-15 00:37:22,709 - INFO - Detecting objects in image for message 18561: /app/src/../data/raw/telegram_media/photo_18561_20250714124525.jpg
2025-07-15 00:37:22,805 - INFO - Detecting objects in image for message 18560: /app/src/../data/raw/telegram_media/photo_18560_20250714124525.jpg
2025-07-15 00:37:22,895 - INFO - Detecting objects in image for message 18559: /app/src/../data/raw/telegram_media/photo_18559_20250714092555.jpg
2025-07-15 00:37:23,012 - INFO - Detecting objects in image for message 18558: /app/src/../data/raw/telegram_media/photo_18558_20250714092554.jpg
2025-07-15 00:37:23,108 - INFO - Detecting objects in image for message 18557: /app/src/../data/raw/telegram_media/photo_18557_20250714092554.jpg
2025-07-15 00:37:23,188 - INFO - Detecting objects in image for message 18556: /app/src/../data/raw/telegram_media/photo_18556_20250714092554.jpg
2025-07-15 00:37:23,276 - INFO - Detecting objects in image for message 18555: /app/src/../data/raw/telegram_media/photo_18555_20250714092554.jpg
2025-07-15 00:37:23,385 - INFO - Detecting objects in image for message 18554: /app/src/../data/raw/telegram_media/photo_18554_20250714092554.jpg
2025-07-15 00:37:23,460 - INFO - Detecting objects in image for message 18553: /app/src/../data/raw/telegram_media/photo_18553_20250714092554.jpg
2025-07-15 00:37:23,588 - INFO - Detecting objects in image for message 18552: /app/src/../data/raw/telegram_media/photo_18552_20250714092554.jpg
2025-07-15 00:37:23,673 - INFO - Detecting objects in image for message 18551: /app/src/../data/raw/telegram_media/photo_18551_20250714092554.jpg
2025-07-15 00:37:23,742 - INFO - Detecting objects in image for message 18550: /app/src/../data/raw/telegram_media/photo_18550_20250714092554.jpg
2025-07-15 00:37:23,824 - INFO - Detecting objects in image for message 18549: /app/src/../data/raw/telegram_media/photo_18549_20250714051051.jpg
2025-07-15 00:37:23,899 - INFO - Detecting objects in image for message 18548: /app/src/../data/raw/telegram_media/photo_18548_20250714051051.jpg
2025-07-15 00:37:23,977 - INFO - Detecting objects in image for message 18547: /app/src/../data/raw/telegram_media/photo_18547_20250714051051.jpg
2025-07-15 00:37:24,062 - INFO - Detecting objects in image for message 18546: /app/src/../data/raw/telegram_media/photo_18546_20250713164641.jpg
2025-07-15 00:37:24,142 - INFO - Detecting objects in image for message 18545: /app/src/../data/raw/telegram_media/photo_18545_20250713130702.jpg
2025-07-15 00:37:24,241 - INFO - Detecting objects in image for message 18544: /app/src/../data/raw/telegram_media/photo_18544_20250713130702.jpg
2025-07-15 00:37:24,321 - INFO - Detecting objects in image for message 18543: /app/src/../data/raw/telegram_media/photo_18543_20250713130702.jpg
2025-07-15 00:37:24,402 - INFO - Detecting objects in image for message 18542: /app/src/../data/raw/telegram_media/photo_18542_20250713130702.jpg
2025-07-15 00:37:24,484 - INFO - Detecting objects in image for message 18541: /app/src/../data/raw/telegram_media/photo_18541_20250713130702.jpg
2025-07-15 00:37:24,573 - INFO - Detecting objects in image for message 18540: /app/src/../data/raw/telegram_media/photo_18540_20250713130702.jpg
2025-07-15 00:37:24,657 - INFO - Detecting objects in image for message 18539: /app/src/../data/raw/telegram_media/photo_18539_20250713130702.jpg
2025-07-15 00:37:24,738 - INFO - Detecting objects in image for message 18538: /app/src/../data/raw/telegram_media/photo_18538_20250713130701.jpg
2025-07-15 00:37:24,812 - INFO - Detecting objects in image for message 18537: /app/src/../data/raw/telegram_media/photo_18537_20250713130701.jpg
2025-07-15 00:37:24,898 - INFO - Detecting objects in image for message 18536: /app/src/../data/raw/telegram_media/photo_18536_20250713130701.jpg
2025-07-15 00:37:24,981 - INFO - Detecting objects in image for message 18535: /app/src/../data/raw/telegram_media/photo_18535_20250712143849.jpg
2025-07-15 00:37:25,059 - INFO - Detecting objects in image for message 18534: /app/src/../data/raw/telegram_media/photo_18534_20250712143637.jpg
2025-07-15 00:37:25,141 - INFO - Detecting objects in image for message 18533: /app/src/../data/raw/telegram_media/photo_18533_20250712143603.jpg
2025-07-15 00:37:25,228 - INFO - Detecting objects in image for message 18532: /app/src/../data/raw/telegram_media/photo_18532_20250712054353.jpg
2025-07-15 00:37:25,297 - INFO - Detecting objects in image for message 18531: /app/src/../data/raw/telegram_media/photo_18531_20250712054352.jpg
2025-07-15 00:37:25,384 - INFO - Detecting objects in image for message 18530: /app/src/../data/raw/telegram_media/photo_18530_20250712054352.jpg
2025-07-15 00:37:25,495 - INFO - Detecting objects in image for message 18529: /app/src/../data/raw/telegram_media/photo_18529_20250712054352.jpg
2025-07-15 00:37:25,584 - INFO - Detecting objects in image for message 18528: /app/src/../data/raw/telegram_media/photo_18528_20250712054352.jpg
2025-07-15 00:37:25,672 - INFO - Detecting objects in image for message 18526: /app/src/../data/raw/telegram_media/photo_18526_20250711071205.jpg
2025-07-15 00:37:25,761 - INFO - Detecting objects in image for message 18525: /app/src/../data/raw/telegram_media/photo_18525_20250711071205.jpg
2025-07-15 00:37:25,847 - INFO - Detecting objects in image for message 18524: /app/src/../data/raw/telegram_media/photo_18524_20250711071205.jpg
2025-07-15 00:37:25,922 - INFO - Detecting objects in image for message 18523: /app/src/../data/raw/telegram_media/photo_18523_20250711071205.jpg
2025-07-15 00:37:26,004 - INFO - Detecting objects in image for message 18522: /app/src/../data/raw/telegram_media/photo_18522_20250711040030.jpg
2025-07-15 00:37:26,089 - INFO - Detecting objects in image for message 18521: /app/src/../data/raw/telegram_media/photo_18521_20250711040029.jpg
2025-07-15 00:37:26,177 - INFO - Detecting objects in image for message 18520: /app/src/../data/raw/telegram_media/photo_18520_20250711040029.jpg
2025-07-15 00:37:26,286 - INFO - Detecting objects in image for message 18519: /app/src/../data/raw/telegram_media/photo_18519_20250711040029.jpg
2025-07-15 00:37:26,395 - INFO - Detecting objects in image for message 18518: /app/src/../data/raw/telegram_media/photo_18518_20250711040029.jpg
2025-07-15 00:37:26,480 - INFO - Detecting objects in image for message 18517: /app/src/../data/raw/telegram_media/photo_18517_20250710145022.jpg
2025-07-15 00:37:26,564 - INFO - Detecting objects in image for message 18516: /app/src/../data/raw/telegram_media/photo_18516_20250710144847.jpg
2025-07-15 00:37:26,650 - INFO - Detecting objects in image for message 18515: /app/src/../data/raw/telegram_media/photo_18515_20250710144002.jpg
2025-07-15 00:37:26,756 - INFO - Detecting objects in image for message 18514: /app/src/../data/raw/telegram_media/photo_18514_20250710144002.jpg
2025-07-15 00:37:26,848 - INFO - Detecting objects in image for message 18513: /app/src/../data/raw/telegram_media/photo_18513_20250710084212.jpg
2025-07-15 00:37:26,933 - INFO - Detecting objects in image for message 18512: /app/src/../data/raw/telegram_media/photo_18512_20250710084212.jpg
2025-07-15 00:37:27,014 - INFO - Detecting objects in image for message 18511: /app/src/../data/raw/telegram_media/photo_18511_20250710084212.jpg
2025-07-15 00:37:27,081 - INFO - Detecting objects in image for message 18510: /app/src/../data/raw/telegram_media/photo_18510_20250710084212.jpg
2025-07-15 00:37:27,175 - INFO - Detecting objects in image for message 18509: /app/src/../data/raw/telegram_media/photo_18509_20250710084212.jpg
2025-07-15 00:37:27,260 - INFO - Detecting objects in image for message 18508: /app/src/../data/raw/telegram_media/photo_18508_20250710084212.jpg
2025-07-15 00:37:27,350 - INFO - Detecting objects in image for message 18507: /app/src/../data/raw/telegram_media/photo_18507_20250710084212.jpg
2025-07-15 00:37:27,434 - INFO - Detecting objects in image for message 18506: /app/src/../data/raw/telegram_media/photo_18506_20250710082514.jpg
2025-07-15 00:37:27,511 - INFO - Detecting objects in image for message 18505: /app/src/../data/raw/telegram_media/photo_18505_20250710082514.jpg
2025-07-15 00:37:27,593 - INFO - Detecting objects in image for message 18504: /app/src/../data/raw/telegram_media/photo_18504_20250710082513.jpg
2025-07-15 00:37:27,667 - INFO - Detecting objects in image for message 18503: /app/src/../data/raw/telegram_media/photo_18503_20250710082513.jpg
2025-07-15 00:37:27,750 - INFO - Detecting objects in image for message 18502: /app/src/../data/raw/telegram_media/photo_18502_20250710082513.jpg
2025-07-15 00:37:27,827 - INFO - Detecting objects in image for message 18501: /app/src/../data/raw/telegram_media/photo_18501_20250710082513.jpg
2025-07-15 00:37:27,914 - INFO - Detecting objects in image for message 18500: /app/src/../data/raw/telegram_media/photo_18500_20250710054208.jpg
2025-07-15 00:37:27,999 - INFO - Detecting objects in image for message 18499: /app/src/../data/raw/telegram_media/photo_18499_20250710054208.jpg
2025-07-15 00:37:28,081 - INFO - Detecting objects in image for message 18498: /app/src/../data/raw/telegram_media/photo_18498_20250710054208.jpg
2025-07-15 00:37:28,149 - INFO - Detecting objects in image for message 18497: /app/src/../data/raw/telegram_media/photo_18497_20250710054208.jpg
2025-07-15 00:37:28,233 - INFO - Detecting objects in image for message 18496: /app/src/../data/raw/telegram_media/photo_18496_20250710054208.jpg
2025-07-15 00:37:28,308 - INFO - Detecting objects in image for message 18495: /app/src/../data/raw/telegram_media/photo_18495_20250710054208.jpg
2025-07-15 00:37:28,372 - INFO - Detecting objects in image for message 18494: /app/src/../data/raw/telegram_media/photo_18494_20250710054208.jpg
2025-07-15 00:37:28,454 - INFO - Detecting objects in image for message 18493: /app/src/../data/raw/telegram_media/photo_18493_20250710054208.jpg
2025-07-15 00:37:28,536 - INFO - Detecting objects in image for message 18492: /app/src/../data/raw/telegram_media/photo_18492_20250710054208.jpg
2025-07-15 00:37:28,620 - INFO - Detecting objects in image for message 18491: /app/src/../data/raw/telegram_media/photo_18491_20250710054208.jpg
2025-07-15 00:37:28,710 - INFO - Detecting objects in image for message 18490: /app/src/../data/raw/telegram_media/photo_18490_20250710054208.jpg
2025-07-15 00:37:28,808 - INFO - Detecting objects in image for message 18489: /app/src/../data/raw/telegram_media/photo_18489_20250710054208.jpg
2025-07-15 00:37:28,887 - INFO - Detecting objects in image for message 18488: /app/src/../data/raw/telegram_media/photo_18488_20250710054207.jpg
2025-07-15 00:37:28,971 - INFO - Detecting objects in image for message 18487: /app/src/../data/raw/telegram_media/photo_18487_20250710054207.jpg
2025-07-15 00:37:29,060 - INFO - Detecting objects in image for message 18486: /app/src/../data/raw/telegram_media/photo_18486_20250710054207.jpg
2025-07-15 00:37:29,149 - INFO - Detecting objects in image for message 18485: /app/src/../data/raw/telegram_media/photo_18485_20250709130851.jpg
2025-07-15 00:37:29,229 - INFO - Detecting objects in image for message 18484: /app/src/../data/raw/telegram_media/photo_18484_20250709053954.jpg
2025-07-15 00:37:29,311 - INFO - Detecting objects in image for message 18483: /app/src/../data/raw/telegram_media/photo_18483_20250709053954.jpg
2025-07-15 00:37:29,400 - INFO - Detecting objects in image for message 18482: /app/src/../data/raw/telegram_media/photo_18482_20250709053954.jpg
2025-07-15 00:37:29,475 - INFO - Detecting objects in image for message 18481: /app/src/../data/raw/telegram_media/photo_18481_20250709053954.jpg
2025-07-15 00:37:29,566 - INFO - Detecting objects in image for message 18480: /app/src/../data/raw/telegram_media/photo_18480_20250709053954.jpg
2025-07-15 00:37:29,651 - INFO - Detecting objects in image for message 18479: /app/src/../data/raw/telegram_media/photo_18479_20250709053953.jpg
2025-07-15 00:37:29,733 - INFO - Detecting objects in image for message 18478: /app/src/../data/raw/telegram_media/photo_18478_20250709053953.jpg
2025-07-15 00:37:29,810 - INFO - Detecting objects in image for message 18477: /app/src/../data/raw/telegram_media/photo_18477_20250709053953.jpg
2025-07-15 00:37:29,884 - INFO - Detecting objects in image for message 18476: /app/src/../data/raw/telegram_media/photo_18476_20250709053953.jpg
2025-07-15 00:37:29,981 - INFO - Detecting objects in image for message 18475: /app/src/../data/raw/telegram_media/photo_18475_20250709053953.jpg
2025-07-15 00:37:30,068 - INFO - Detecting objects in image for message 18474: /app/src/../data/raw/telegram_media/photo_18474_20250709053953.jpg
2025-07-15 00:37:30,155 - INFO - Detecting objects in image for message 18473: /app/src/../data/raw/telegram_media/photo_18473_20250709053953.jpg
2025-07-15 00:37:30,245 - INFO - Detecting objects in image for message 18472: /app/src/../data/raw/telegram_media/photo_18472_20250709053953.jpg
2025-07-15 00:37:30,335 - INFO - Detecting objects in image for message 18471: /app/src/../data/raw/telegram_media/photo_18471_20250709053953.jpg
2025-07-15 00:37:30,441 - INFO - Detecting objects in image for message 18470: /app/src/../data/raw/telegram_media/photo_18470_20250709053953.jpg
2025-07-15 00:37:30,529 - INFO - Detecting objects in image for message 172646: /app/src/../data/raw/telegram_media/photo_172646_20250714163912.jpg
2025-07-15 00:37:30,605 - INFO - Detecting objects in image for message 172644: /app/src/../data/raw/telegram_media/photo_172644_20250714162824.jpg
2025-07-15 00:37:30,679 - INFO - Detecting objects in image for message 172631: /app/src/../data/raw/telegram_media/photo_172631_20250714141425.jpg
2025-07-15 00:37:30,768 - INFO - Detecting objects in image for message 172604: /app/src/../data/raw/telegram_media/photo_172604_20250714101535.jpg
2025-07-15 00:37:30,845 - INFO - Detecting objects in image for message 172566: /app/src/../data/raw/telegram_media/photo_172566_20250714073759.jpg
2025-07-15 00:37:30,933 - INFO - Detecting objects in image for message 172546: /app/src/../data/raw/telegram_media/photo_172546_20250714054833.jpg
2025-07-15 00:37:31,009 - INFO - Detecting objects in image for message 172531: /app/src/../data/raw/telegram_media/photo_172531_20250714044552.jpg
2025-07-15 00:37:31,096 - INFO - Detecting objects in image for message 172530: /app/src/../data/raw/telegram_media/photo_172530_20250714043635.jpg
2025-07-15 00:37:31,175 - INFO - Detecting objects in image for message 172527: /app/src/../data/raw/telegram_media/photo_172527_20250714043621.jpg
2025-07-15 00:37:31,250 - INFO - Detecting objects in image for message 172526: /app/src/../data/raw/telegram_media/photo_172526_20250714043621.jpg
2025-07-15 00:37:31,323 - INFO - Detecting objects in image for message 172525: /app/src/../data/raw/telegram_media/photo_172525_20250714043621.jpg
2025-07-15 00:37:31,394 - INFO - Detecting objects in image for message 172510: /app/src/../data/raw/telegram_media/photo_172510_20250713222423.jpg
2025-07-15 00:37:31,496 - INFO - Detecting objects in image for message 172488: /app/src/../data/raw/telegram_media/photo_172488_20250713163430.jpg
2025-07-15 00:37:31,588 - INFO - Detecting objects in image for message 172453: /app/src/../data/raw/telegram_media/photo_172453_20250713111626.jpg
2025-07-15 00:37:31,661 - INFO - Detecting objects in image for message 172452: /app/src/../data/raw/telegram_media/photo_172452_20250713111626.jpg
2025-07-15 00:37:31,736 - INFO - Detecting objects in image for message 172451: /app/src/../data/raw/telegram_media/photo_172451_20250713111626.jpg
2025-07-15 00:37:31,811 - INFO - Detecting objects in image for message 172448: /app/src/../data/raw/telegram_media/photo_172448_20250713111356.jpg
2025-07-15 00:37:31,892 - INFO - Detecting objects in image for message 172431: /app/src/../data/raw/telegram_media/photo_172431_20250713075632.jpg
2025-07-15 00:37:31,979 - INFO - Detecting objects in image for message 172422: /app/src/../data/raw/telegram_media/photo_172422_20250713063108.jpg
2025-07-15 00:37:32,063 - INFO - Detecting objects in image for message 172367: /app/src/../data/raw/telegram_media/photo_172367_20250712133217.jpg
2025-07-15 00:37:32,153 - INFO - Detecting objects in image for message 172350: /app/src/../data/raw/telegram_media/photo_172350_20250712095919.jpg
2025-07-15 00:37:32,222 - INFO - Detecting objects in image for message 172345: /app/src/../data/raw/telegram_media/photo_172345_20250712092215.jpg
2025-07-15 00:37:32,317 - INFO - Detecting objects in image for message 172307: /app/src/../data/raw/telegram_media/photo_172307_20250712035858.jpg
2025-07-15 00:37:32,381 - INFO - Detecting objects in image for message 172274: /app/src/../data/raw/telegram_media/photo_172274_20250711171818.jpg
2025-07-15 00:37:32,452 - INFO - Detecting objects in image for message 172273: /app/src/../data/raw/telegram_media/photo_172273_20250711171818.jpg
2025-07-15 00:37:32,523 - INFO - Detecting objects in image for message 172272: /app/src/../data/raw/telegram_media/photo_172272_20250711171818.jpg
2025-07-15 00:37:32,609 - INFO - Detecting objects in image for message 172263: /app/src/../data/raw/telegram_media/photo_172263_20250711160656.jpg
2025-07-15 00:37:32,717 - INFO - Detecting objects in image for message 172252: /app/src/../data/raw/telegram_media/photo_172252_20250711150331.jpg
2025-07-15 00:37:32,799 - INFO - Detecting objects in image for message 172209: /app/src/../data/raw/telegram_media/photo_172209_20250711090659.jpg
2025-07-15 00:37:32,913 - INFO - Detecting objects in image for message 172186: /app/src/../data/raw/telegram_media/photo_172186_20250711072913.jpg
2025-07-15 00:37:33,024 - INFO - Detecting objects in image for message 172185: /app/src/../data/raw/telegram_media/photo_172185_20250711072913.jpg
2025-07-15 00:37:33,124 - INFO - Detecting objects in image for message 172178: /app/src/../data/raw/telegram_media/photo_172178_20250711062823.jpg
2025-07-15 00:37:33,228 - INFO - YOLO detection results saved to: /app/src/../data/raw/yolo_detections/yolo_detections_2025-07-15_003733.json
2025-07-15 00:37:33,229 - INFO - YOLO object detection pipeline finished.
2025-07-15 01:21:56,205 - INFO - YOLOv8n model loaded successfully.
2025-07-15 01:21:56,206 - INFO - Starting YOLO object detection pipeline.
2025-07-15 01:21:56,242 - INFO - Detecting objects in image for message 97: /app/src/../data/raw/telegram_media/photo_97_20230210122306.jpg
2025-07-15 01:21:59,494 - INFO - Detecting objects in image for message 96: /app/src/../data/raw/telegram_media/photo_96_20230202085852.jpg
2025-07-15 01:21:59,641 - INFO - Detecting objects in image for message 95: /app/src/../data/raw/telegram_media/photo_95_20230201085937.jpg
2025-07-15 01:21:59,762 - INFO - Detecting objects in image for message 94: /app/src/../data/raw/telegram_media/photo_94_20230131091953.jpg
2025-07-15 01:21:59,910 - INFO - Detecting objects in image for message 93: /app/src/../data/raw/telegram_media/photo_93_20230130094525.jpg
2025-07-15 01:22:00,049 - INFO - Detecting objects in image for message 92: /app/src/../data/raw/telegram_media/photo_92_20230127071840.jpg
2025-07-15 01:22:00,167 - INFO - Detecting objects in image for message 91: /app/src/../data/raw/telegram_media/photo_91_20230126182753.jpg
2025-07-15 01:22:00,278 - INFO - Detecting objects in image for message 90: /app/src/../data/raw/telegram_media/photo_90_20230123103920.jpg
2025-07-15 01:22:00,422 - INFO - Detecting objects in image for message 88: /app/src/../data/raw/telegram_media/photo_88_20230117084312.jpg
2025-07-15 01:22:00,556 - INFO - Detecting objects in image for message 87: /app/src/../data/raw/telegram_media/photo_87_20230116134135.jpg
2025-07-15 01:22:00,683 - INFO - Detecting objects in image for message 86: /app/src/../data/raw/telegram_media/photo_86_20230116101342.jpg
2025-07-15 01:22:00,807 - INFO - Detecting objects in image for message 85: /app/src/../data/raw/telegram_media/photo_85_20230116092609.jpg
2025-07-15 01:22:00,936 - INFO - Detecting objects in image for message 82: /app/src/../data/raw/telegram_media/photo_82_20230113124847.jpg
2025-07-15 01:22:01,062 - INFO - Detecting objects in image for message 81: /app/src/../data/raw/telegram_media/photo_81_20230113094414.jpg
2025-07-15 01:22:01,184 - INFO - Detecting objects in image for message 80: /app/src/../data/raw/telegram_media/photo_80_20230106160621.jpg
2025-07-15 01:22:01,293 - INFO - Detecting objects in image for message 79: /app/src/../data/raw/telegram_media/photo_79_20230106093117.jpg
2025-07-15 01:22:01,423 - INFO - Detecting objects in image for message 78: /app/src/../data/raw/telegram_media/photo_78_20230106060501.jpg
2025-07-15 01:22:01,540 - INFO - Detecting objects in image for message 77: /app/src/../data/raw/telegram_media/photo_77_20230104055802.jpg
2025-07-15 01:22:01,667 - INFO - Detecting objects in image for message 76: /app/src/../data/raw/telegram_media/photo_76_20230103174948.jpg
2025-07-15 01:22:01,785 - INFO - Detecting objects in image for message 75: /app/src/../data/raw/telegram_media/photo_75_20230103054834.jpg
2025-07-15 01:22:01,914 - INFO - Detecting objects in image for message 74: /app/src/../data/raw/telegram_media/photo_74_20230102070255.jpg
2025-07-15 01:22:02,032 - INFO - Detecting objects in image for message 71: /app/src/../data/raw/telegram_media/photo_71_20221230154535.jpg
2025-07-15 01:22:02,122 - INFO - Detecting objects in image for message 70: /app/src/../data/raw/telegram_media/photo_70_20221228170208.jpg
2025-07-15 01:22:02,241 - INFO - Detecting objects in image for message 67: /app/src/../data/raw/telegram_media/photo_67_20221228063150.jpg
2025-07-15 01:22:02,366 - INFO - Detecting objects in image for message 64: /app/src/../data/raw/telegram_media/photo_64_20221227170632.jpg
2025-07-15 01:22:02,500 - INFO - Detecting objects in image for message 60: /app/src/../data/raw/telegram_media/photo_60_20221223062615.jpg
2025-07-15 01:22:02,617 - INFO - Detecting objects in image for message 59: /app/src/../data/raw/telegram_media/photo_59_20221222064025.jpg
2025-07-15 01:22:02,725 - INFO - Detecting objects in image for message 58: /app/src/../data/raw/telegram_media/photo_58_20221222031126.jpg
2025-07-15 01:22:02,850 - INFO - Detecting objects in image for message 56: /app/src/../data/raw/telegram_media/photo_56_20221220172505.jpg
2025-07-15 01:22:02,981 - INFO - Detecting objects in image for message 55: /app/src/../data/raw/telegram_media/photo_55_20221220112859.jpg
2025-07-15 01:22:03,091 - INFO - Detecting objects in image for message 53: /app/src/../data/raw/telegram_media/photo_53_20221220074133.jpg
2025-07-15 01:22:03,206 - INFO - Detecting objects in image for message 52: /app/src/../data/raw/telegram_media/photo_52_20221216122101.jpg
2025-07-15 01:22:03,332 - INFO - Detecting objects in image for message 50: /app/src/../data/raw/telegram_media/photo_50_20221213055518.jpg
2025-07-15 01:22:03,441 - INFO - Detecting objects in image for message 49: /app/src/../data/raw/telegram_media/photo_49_20221209122853.jpg
2025-07-15 01:22:03,547 - INFO - Detecting objects in image for message 48: /app/src/../data/raw/telegram_media/photo_48_20221209040949.jpg
2025-07-15 01:22:03,666 - INFO - Detecting objects in image for message 46: /app/src/../data/raw/telegram_media/photo_46_20221207064348.jpg
2025-07-15 01:22:03,789 - INFO - Detecting objects in image for message 45: /app/src/../data/raw/telegram_media/photo_45_20221205055722.jpg
2025-07-15 01:22:03,897 - INFO - Detecting objects in image for message 44: /app/src/../data/raw/telegram_media/photo_44_20221204123518.jpg
2025-07-15 01:22:04,005 - INFO - Detecting objects in image for message 43: /app/src/../data/raw/telegram_media/photo_43_20221202134441.jpg
2025-07-15 01:22:04,122 - INFO - Detecting objects in image for message 41: /app/src/../data/raw/telegram_media/photo_41_20221202060612.jpg
2025-07-15 01:22:04,240 - INFO - Detecting objects in image for message 40: /app/src/../data/raw/telegram_media/photo_40_20221201064722.jpg
2025-07-15 01:22:04,326 - INFO - Detecting objects in image for message 39: /app/src/../data/raw/telegram_media/photo_39_20221130063144.jpg
2025-07-15 01:22:04,414 - INFO - Detecting objects in image for message 38: /app/src/../data/raw/telegram_media/photo_38_20221129074306.jpg
2025-07-15 01:22:04,525 - INFO - Detecting objects in image for message 34: /app/src/../data/raw/telegram_media/photo_34_20221122081547.jpg
2025-07-15 01:22:04,619 - INFO - Detecting objects in image for message 33: /app/src/../data/raw/telegram_media/photo_33_20221115115116.jpg
2025-07-15 01:22:04,724 - INFO - Detecting objects in image for message 32: /app/src/../data/raw/telegram_media/photo_32_20221115081741.jpg
2025-07-15 01:22:04,833 - INFO - Detecting objects in image for message 31: /app/src/../data/raw/telegram_media/photo_31_20221115052441.jpg
2025-07-15 01:22:04,931 - INFO - Detecting objects in image for message 30: /app/src/../data/raw/telegram_media/photo_30_20221109085325.jpg
2025-07-15 01:22:05,031 - INFO - Detecting objects in image for message 29: /app/src/../data/raw/telegram_media/photo_29_20221029202628.jpg
2025-07-15 01:22:05,131 - INFO - Detecting objects in image for message 27: /app/src/../data/raw/telegram_media/photo_27_20221028091509.jpg
2025-07-15 01:22:05,239 - INFO - Detecting objects in image for message 26: /app/src/../data/raw/telegram_media/photo_26_20221028064936.jpg
2025-07-15 01:22:05,346 - INFO - Detecting objects in image for message 25: /app/src/../data/raw/telegram_media/photo_25_20221024093419.jpg
2025-07-15 01:22:05,442 - INFO - Detecting objects in image for message 23: /app/src/../data/raw/telegram_media/photo_23_20221020122401.jpg
2025-07-15 01:22:05,540 - INFO - Detecting objects in image for message 22: /app/src/../data/raw/telegram_media/photo_22_20221018075736.jpg
2025-07-15 01:22:05,646 - INFO - Detecting objects in image for message 21: /app/src/../data/raw/telegram_media/photo_21_20221017140240.jpg
2025-07-15 01:22:05,769 - INFO - Detecting objects in image for message 20: /app/src/../data/raw/telegram_media/photo_20_20221012141452.jpg
2025-07-15 01:22:05,880 - INFO - Detecting objects in image for message 19: /app/src/../data/raw/telegram_media/photo_19_20221012141419.jpg
2025-07-15 01:22:05,988 - INFO - Detecting objects in image for message 18: /app/src/../data/raw/telegram_media/photo_18_20221006092346.jpg
2025-07-15 01:22:06,104 - INFO - Detecting objects in image for message 17: /app/src/../data/raw/telegram_media/photo_17_20221003051630.jpg
2025-07-15 01:22:06,260 - INFO - Detecting objects in image for message 15: /app/src/../data/raw/telegram_media/photo_15_20220930073342.jpg
2025-07-15 01:22:06,378 - INFO - Detecting objects in image for message 14: /app/src/../data/raw/telegram_media/photo_14_20220928054531.jpg
2025-07-15 01:22:06,480 - INFO - Detecting objects in image for message 13: /app/src/../data/raw/telegram_media/photo_13_20220916074231.jpg
2025-07-15 01:22:06,604 - INFO - Detecting objects in image for message 11: /app/src/../data/raw/telegram_media/photo_11_20220910155525.jpg
2025-07-15 01:22:06,742 - INFO - Detecting objects in image for message 10: /app/src/../data/raw/telegram_media/photo_10_20220907091640.jpg
2025-07-15 01:22:06,884 - INFO - Detecting objects in image for message 9: /app/src/../data/raw/telegram_media/photo_9_20220906042615.jpg
2025-07-15 01:22:07,002 - INFO - Detecting objects in image for message 3: /app/src/../data/raw/telegram_media/photo_3_20220905100205.jpg
2025-07-15 01:22:07,116 - INFO - Detecting objects in image for message 2: /app/src/../data/raw/telegram_media/photo_2_20220905095709.jpg
2025-07-15 01:22:07,239 - INFO - Detecting objects in image for message 18570: /app/src/../data/raw/telegram_media/photo_18570_20250714124526.jpg
2025-07-15 01:22:07,362 - INFO - Detecting objects in image for message 18569: /app/src/../data/raw/telegram_media/photo_18569_20250714124526.jpg
2025-07-15 01:22:07,454 - INFO - Detecting objects in image for message 18568: /app/src/../data/raw/telegram_media/photo_18568_20250714124526.jpg
2025-07-15 01:22:07,579 - INFO - Detecting objects in image for message 18567: /app/src/../data/raw/telegram_media/photo_18567_20250714124526.jpg
2025-07-15 01:22:07,677 - INFO - Detecting objects in image for message 18566: /app/src/../data/raw/telegram_media/photo_18566_20250714124526.jpg
2025-07-15 01:22:07,779 - INFO - Detecting objects in image for message 18565: /app/src/../data/raw/telegram_media/photo_18565_20250714124526.jpg
2025-07-15 01:22:07,879 - INFO - Detecting objects in image for message 18564: /app/src/../data/raw/telegram_media/photo_18564_20250714124525.jpg
2025-07-15 01:22:07,977 - INFO - Detecting objects in image for message 18563: /app/src/../data/raw/telegram_media/photo_18563_20250714124525.jpg
2025-07-15 01:22:08,088 - INFO - Detecting objects in image for message 18562: /app/src/../data/raw/telegram_media/photo_18562_20250714124525.jpg
2025-07-15 01:22:08,200 - INFO - Detecting objects in image for message 18561: /app/src/../data/raw/telegram_media/photo_18561_20250714124525.jpg
2025-07-15 01:22:08,325 - INFO - Detecting objects in image for message 18560: /app/src/../data/raw/telegram_media/photo_18560_20250714124525.jpg
2025-07-15 01:22:08,430 - INFO - Detecting objects in image for message 18559: /app/src/../data/raw/telegram_media/photo_18559_20250714092555.jpg
2025-07-15 01:22:08,557 - INFO - Detecting objects in image for message 18558: /app/src/../data/raw/telegram_media/photo_18558_20250714092554.jpg
2025-07-15 01:22:08,665 - INFO - Detecting objects in image for message 18557: /app/src/../data/raw/telegram_media/photo_18557_20250714092554.jpg
2025-07-15 01:22:08,762 - INFO - Detecting objects in image for message 18556: /app/src/../data/raw/telegram_media/photo_18556_20250714092554.jpg
2025-07-15 01:22:08,868 - INFO - Detecting objects in image for message 18555: /app/src/../data/raw/telegram_media/photo_18555_20250714092554.jpg
2025-07-15 01:22:08,998 - INFO - Detecting objects in image for message 18554: /app/src/../data/raw/telegram_media/photo_18554_20250714092554.jpg
2025-07-15 01:22:09,130 - INFO - Detecting objects in image for message 18553: /app/src/../data/raw/telegram_media/photo_18553_20250714092554.jpg
2025-07-15 01:22:09,280 - INFO - Detecting objects in image for message 18552: /app/src/../data/raw/telegram_media/photo_18552_20250714092554.jpg
2025-07-15 01:22:09,380 - INFO - Detecting objects in image for message 18551: /app/src/../data/raw/telegram_media/photo_18551_20250714092554.jpg
2025-07-15 01:22:09,459 - INFO - Detecting objects in image for message 18550: /app/src/../data/raw/telegram_media/photo_18550_20250714092554.jpg
2025-07-15 01:22:09,551 - INFO - Detecting objects in image for message 18549: /app/src/../data/raw/telegram_media/photo_18549_20250714051051.jpg
2025-07-15 01:22:09,645 - INFO - Detecting objects in image for message 18548: /app/src/../data/raw/telegram_media/photo_18548_20250714051051.jpg
2025-07-15 01:22:09,734 - INFO - Detecting objects in image for message 18547: /app/src/../data/raw/telegram_media/photo_18547_20250714051051.jpg
2025-07-15 01:22:09,830 - INFO - Detecting objects in image for message 18546: /app/src/../data/raw/telegram_media/photo_18546_20250713164641.jpg
2025-07-15 01:22:09,924 - INFO - Detecting objects in image for message 18545: /app/src/../data/raw/telegram_media/photo_18545_20250713130702.jpg
2025-07-15 01:22:10,033 - INFO - Detecting objects in image for message 18544: /app/src/../data/raw/telegram_media/photo_18544_20250713130702.jpg
2025-07-15 01:22:10,147 - INFO - Detecting objects in image for message 18543: /app/src/../data/raw/telegram_media/photo_18543_20250713130702.jpg
2025-07-15 01:22:10,247 - INFO - Detecting objects in image for message 18542: /app/src/../data/raw/telegram_media/photo_18542_20250713130702.jpg
2025-07-15 01:22:10,361 - INFO - Detecting objects in image for message 18541: /app/src/../data/raw/telegram_media/photo_18541_20250713130702.jpg
2025-07-15 01:22:10,476 - INFO - Detecting objects in image for message 18540: /app/src/../data/raw/telegram_media/photo_18540_20250713130702.jpg
2025-07-15 01:22:10,585 - INFO - Detecting objects in image for message 18539: /app/src/../data/raw/telegram_media/photo_18539_20250713130702.jpg
2025-07-15 01:22:10,683 - INFO - Detecting objects in image for message 18538: /app/src/../data/raw/telegram_media/photo_18538_20250713130701.jpg
2025-07-15 01:22:10,772 - INFO - Detecting objects in image for message 18537: /app/src/../data/raw/telegram_media/photo_18537_20250713130701.jpg
2025-07-15 01:22:10,882 - INFO - Detecting objects in image for message 18536: /app/src/../data/raw/telegram_media/photo_18536_20250713130701.jpg
2025-07-15 01:22:10,990 - INFO - Detecting objects in image for message 18535: /app/src/../data/raw/telegram_media/photo_18535_20250712143849.jpg
2025-07-15 01:22:11,096 - INFO - Detecting objects in image for message 18534: /app/src/../data/raw/telegram_media/photo_18534_20250712143637.jpg
2025-07-15 01:22:11,201 - INFO - Detecting objects in image for message 18533: /app/src/../data/raw/telegram_media/photo_18533_20250712143603.jpg
2025-07-15 01:22:11,323 - INFO - Detecting objects in image for message 18532: /app/src/../data/raw/telegram_media/photo_18532_20250712054353.jpg
2025-07-15 01:22:11,418 - INFO - Detecting objects in image for message 18531: /app/src/../data/raw/telegram_media/photo_18531_20250712054352.jpg
2025-07-15 01:22:11,528 - INFO - Detecting objects in image for message 18530: /app/src/../data/raw/telegram_media/photo_18530_20250712054352.jpg
2025-07-15 01:22:11,628 - INFO - Detecting objects in image for message 18529: /app/src/../data/raw/telegram_media/photo_18529_20250712054352.jpg
2025-07-15 01:22:11,726 - INFO - Detecting objects in image for message 18528: /app/src/../data/raw/telegram_media/photo_18528_20250712054352.jpg
2025-07-15 01:22:11,824 - INFO - Detecting objects in image for message 18526: /app/src/../data/raw/telegram_media/photo_18526_20250711071205.jpg
2025-07-15 01:22:11,912 - INFO - Detecting objects in image for message 18525: /app/src/../data/raw/telegram_media/photo_18525_20250711071205.jpg
2025-07-15 01:22:12,008 - INFO - Detecting objects in image for message 18524: /app/src/../data/raw/telegram_media/photo_18524_20250711071205.jpg
2025-07-15 01:22:12,090 - INFO - Detecting objects in image for message 18523: /app/src/../data/raw/telegram_media/photo_18523_20250711071205.jpg
2025-07-15 01:22:12,190 - INFO - Detecting objects in image for message 18522: /app/src/../data/raw/telegram_media/photo_18522_20250711040030.jpg
2025-07-15 01:22:12,296 - INFO - Detecting objects in image for message 18521: /app/src/../data/raw/telegram_media/photo_18521_20250711040029.jpg
2025-07-15 01:22:12,417 - INFO - Detecting objects in image for message 18520: /app/src/../data/raw/telegram_media/photo_18520_20250711040029.jpg
2025-07-15 01:22:12,541 - INFO - Detecting objects in image for message 18519: /app/src/../data/raw/telegram_media/photo_18519_20250711040029.jpg
2025-07-15 01:22:12,686 - INFO - Detecting objects in image for message 18518: /app/src/../data/raw/telegram_media/photo_18518_20250711040029.jpg
2025-07-15 01:22:12,783 - INFO - Detecting objects in image for message 18517: /app/src/../data/raw/telegram_media/photo_18517_20250710145022.jpg
2025-07-15 01:22:12,882 - INFO - Detecting objects in image for message 18516: /app/src/../data/raw/telegram_media/photo_18516_20250710144847.jpg
2025-07-15 01:22:12,974 - INFO - Detecting objects in image for message 18515: /app/src/../data/raw/telegram_media/photo_18515_20250710144002.jpg
2025-07-15 01:22:13,079 - INFO - Detecting objects in image for message 18514: /app/src/../data/raw/telegram_media/photo_18514_20250710144002.jpg
2025-07-15 01:22:13,176 - INFO - Detecting objects in image for message 18513: /app/src/../data/raw/telegram_media/photo_18513_20250710084212.jpg
2025-07-15 01:22:13,282 - INFO - Detecting objects in image for message 18512: /app/src/../data/raw/telegram_media/photo_18512_20250710084212.jpg
2025-07-15 01:22:13,387 - INFO - Detecting objects in image for message 18511: /app/src/../data/raw/telegram_media/photo_18511_20250710084212.jpg
2025-07-15 01:22:13,476 - INFO - Detecting objects in image for message 18510: /app/src/../data/raw/telegram_media/photo_18510_20250710084212.jpg
2025-07-15 01:22:13,581 - INFO - Detecting objects in image for message 18509: /app/src/../data/raw/telegram_media/photo_18509_20250710084212.jpg
2025-07-15 01:22:13,685 - INFO - Detecting objects in image for message 18508: /app/src/../data/raw/telegram_media/photo_18508_20250710084212.jpg
2025-07-15 01:22:13,794 - INFO - Detecting objects in image for message 18507: /app/src/../data/raw/telegram_media/photo_18507_20250710084212.jpg
2025-07-15 01:22:13,896 - INFO - Detecting objects in image for message 18506: /app/src/../data/raw/telegram_media/photo_18506_20250710082514.jpg
2025-07-15 01:22:14,012 - INFO - Detecting objects in image for message 18505: /app/src/../data/raw/telegram_media/photo_18505_20250710082514.jpg
2025-07-15 01:22:14,106 - INFO - Detecting objects in image for message 18504: /app/src/../data/raw/telegram_media/photo_18504_20250710082513.jpg
2025-07-15 01:22:14,203 - INFO - Detecting objects in image for message 18503: /app/src/../data/raw/telegram_media/photo_18503_20250710082513.jpg
2025-07-15 01:22:14,292 - INFO - Detecting objects in image for message 18502: /app/src/../data/raw/telegram_media/photo_18502_20250710082513.jpg
2025-07-15 01:22:14,389 - INFO - Detecting objects in image for message 18501: /app/src/../data/raw/telegram_media/photo_18501_20250710082513.jpg
2025-07-15 01:22:14,490 - INFO - Detecting objects in image for message 18500: /app/src/../data/raw/telegram_media/photo_18500_20250710054208.jpg
2025-07-15 01:22:14,610 - INFO - Detecting objects in image for message 18499: /app/src/../data/raw/telegram_media/photo_18499_20250710054208.jpg
2025-07-15 01:22:14,706 - INFO - Detecting objects in image for message 18498: /app/src/../data/raw/telegram_media/photo_18498_20250710054208.jpg
2025-07-15 01:22:14,791 - INFO - Detecting objects in image for message 18497: /app/src/../data/raw/telegram_media/photo_18497_20250710054208.jpg
2025-07-15 01:22:14,901 - INFO - Detecting objects in image for message 18496: /app/src/../data/raw/telegram_media/photo_18496_20250710054208.jpg
2025-07-15 01:22:15,006 - INFO - Detecting objects in image for message 18495: /app/src/../data/raw/telegram_media/photo_18495_20250710054208.jpg
2025-07-15 01:22:15,087 - INFO - Detecting objects in image for message 18494: /app/src/../data/raw/telegram_media/photo_18494_20250710054208.jpg
2025-07-15 01:22:15,209 - INFO - Detecting objects in image for message 18493: /app/src/../data/raw/telegram_media/photo_18493_20250710054208.jpg
2025-07-15 01:22:15,313 - INFO - Detecting objects in image for message 18492: /app/src/../data/raw/telegram_media/photo_18492_20250710054208.jpg
2025-07-15 01:22:15,415 - INFO - Detecting objects in image for message 18491: /app/src/../data/raw/telegram_media/photo_18491_20250710054208.jpg
2025-07-15 01:22:15,513 - INFO - Detecting objects in image for message 18490: /app/src/../data/raw/telegram_media/photo_18490_20250710054208.jpg
2025-07-15 01:22:15,631 - INFO - Detecting objects in image for message 18489: /app/src/../data/raw/telegram_media/photo_18489_20250710054208.jpg
2025-07-15 01:22:15,731 - INFO - Detecting objects in image for message 18488: /app/src/../data/raw/telegram_media/photo_18488_20250710054207.jpg
2025-07-15 01:22:15,851 - INFO - Detecting objects in image for message 18487: /app/src/../data/raw/telegram_media/photo_18487_20250710054207.jpg
2025-07-15 01:22:15,958 - INFO - Detecting objects in image for message 18486: /app/src/../data/raw/telegram_media/photo_18486_20250710054207.jpg
2025-07-15 01:22:16,054 - INFO - Detecting objects in image for message 18485: /app/src/../data/raw/telegram_media/photo_18485_20250709130851.jpg
2025-07-15 01:22:16,158 - INFO - Detecting objects in image for message 18484: /app/src/../data/raw/telegram_media/photo_18484_20250709053954.jpg
2025-07-15 01:22:16,270 - INFO - Detecting objects in image for message 18483: /app/src/../data/raw/telegram_media/photo_18483_20250709053954.jpg
2025-07-15 01:22:16,373 - INFO - Detecting objects in image for message 18482: /app/src/../data/raw/telegram_media/photo_18482_20250709053954.jpg
2025-07-15 01:22:16,466 - INFO - Detecting objects in image for message 18481: /app/src/../data/raw/telegram_media/photo_18481_20250709053954.jpg
2025-07-15 01:22:16,584 - INFO - Detecting objects in image for message 18480: /app/src/../data/raw/telegram_media/photo_18480_20250709053954.jpg
2025-07-15 01:22:16,687 - INFO - Detecting objects in image for message 18479: /app/src/../data/raw/telegram_media/photo_18479_20250709053953.jpg
2025-07-15 01:22:16,797 - INFO - Detecting objects in image for message 18478: /app/src/../data/raw/telegram_media/photo_18478_20250709053953.jpg
2025-07-15 01:22:16,896 - INFO - Detecting objects in image for message 18477: /app/src/../data/raw/telegram_media/photo_18477_20250709053953.jpg
2025-07-15 01:22:16,998 - INFO - Detecting objects in image for message 18476: /app/src/../data/raw/telegram_media/photo_18476_20250709053953.jpg
2025-07-15 01:22:17,098 - INFO - Detecting objects in image for message 18475: /app/src/../data/raw/telegram_media/photo_18475_20250709053953.jpg
2025-07-15 01:22:17,205 - INFO - Detecting objects in image for message 18474: /app/src/../data/raw/telegram_media/photo_18474_20250709053953.jpg
2025-07-15 01:22:17,299 - INFO - Detecting objects in image for message 18473: /app/src/../data/raw/telegram_media/photo_18473_20250709053953.jpg
2025-07-15 01:22:17,406 - INFO - Detecting objects in image for message 18472: /app/src/../data/raw/telegram_media/photo_18472_20250709053953.jpg
2025-07-15 01:22:17,522 - INFO - Detecting objects in image for message 18471: /app/src/../data/raw/telegram_media/photo_18471_20250709053953.jpg
2025-07-15 01:22:17,661 - INFO - Detecting objects in image for message 18470: /app/src/../data/raw/telegram_media/photo_18470_20250709053953.jpg
2025-07-15 01:22:17,802 - INFO - Detecting objects in image for message 172646: /app/src/../data/raw/telegram_media/photo_172646_20250714163912.jpg
2025-07-15 01:22:17,950 - INFO - Detecting objects in image for message 172644: /app/src/../data/raw/telegram_media/photo_172644_20250714162824.jpg
2025-07-15 01:22:18,030 - INFO - Detecting objects in image for message 172631: /app/src/../data/raw/telegram_media/photo_172631_20250714141425.jpg
2025-07-15 01:22:18,134 - INFO - Detecting objects in image for message 172604: /app/src/../data/raw/telegram_media/photo_172604_20250714101535.jpg
2025-07-15 01:22:18,235 - INFO - Detecting objects in image for message 172566: /app/src/../data/raw/telegram_media/photo_172566_20250714073759.jpg
2025-07-15 01:22:18,347 - INFO - Detecting objects in image for message 172546: /app/src/../data/raw/telegram_media/photo_172546_20250714054833.jpg
2025-07-15 01:22:18,448 - INFO - Detecting objects in image for message 172531: /app/src/../data/raw/telegram_media/photo_172531_20250714044552.jpg
2025-07-15 01:22:18,568 - INFO - Detecting objects in image for message 172530: /app/src/../data/raw/telegram_media/photo_172530_20250714043635.jpg
2025-07-15 01:22:18,667 - INFO - Detecting objects in image for message 172527: /app/src/../data/raw/telegram_media/photo_172527_20250714043621.jpg
2025-07-15 01:22:18,763 - INFO - Detecting objects in image for message 172526: /app/src/../data/raw/telegram_media/photo_172526_20250714043621.jpg
2025-07-15 01:22:18,854 - INFO - Detecting objects in image for message 172525: /app/src/../data/raw/telegram_media/photo_172525_20250714043621.jpg
2025-07-15 01:22:18,961 - INFO - Detecting objects in image for message 172510: /app/src/../data/raw/telegram_media/photo_172510_20250713222423.jpg
2025-07-15 01:22:19,078 - INFO - Detecting objects in image for message 172488: /app/src/../data/raw/telegram_media/photo_172488_20250713163430.jpg
2025-07-15 01:22:19,188 - INFO - Detecting objects in image for message 172453: /app/src/../data/raw/telegram_media/photo_172453_20250713111626.jpg
2025-07-15 01:22:19,291 - INFO - Detecting objects in image for message 172452: /app/src/../data/raw/telegram_media/photo_172452_20250713111626.jpg
2025-07-15 01:22:19,386 - INFO - Detecting objects in image for message 172451: /app/src/../data/raw/telegram_media/photo_172451_20250713111626.jpg
2025-07-15 01:22:19,494 - INFO - Detecting objects in image for message 172448: /app/src/../data/raw/telegram_media/photo_172448_20250713111356.jpg
2025-07-15 01:22:19,600 - INFO - Detecting objects in image for message 172431: /app/src/../data/raw/telegram_media/photo_172431_20250713075632.jpg
2025-07-15 01:22:19,715 - INFO - Detecting objects in image for message 172422: /app/src/../data/raw/telegram_media/photo_172422_20250713063108.jpg
2025-07-15 01:22:19,841 - INFO - Detecting objects in image for message 172367: /app/src/../data/raw/telegram_media/photo_172367_20250712133217.jpg
2025-07-15 01:22:19,961 - INFO - Detecting objects in image for message 172350: /app/src/../data/raw/telegram_media/photo_172350_20250712095919.jpg
2025-07-15 01:22:20,052 - INFO - Detecting objects in image for message 172345: /app/src/../data/raw/telegram_media/photo_172345_20250712092215.jpg
2025-07-15 01:22:20,167 - INFO - Detecting objects in image for message 172307: /app/src/../data/raw/telegram_media/photo_172307_20250712035858.jpg
2025-07-15 01:22:20,254 - INFO - Detecting objects in image for message 172274: /app/src/../data/raw/telegram_media/photo_172274_20250711171818.jpg
2025-07-15 01:22:20,361 - INFO - Detecting objects in image for message 172273: /app/src/../data/raw/telegram_media/photo_172273_20250711171818.jpg
2025-07-15 01:22:20,466 - INFO - Detecting objects in image for message 172272: /app/src/../data/raw/telegram_media/photo_172272_20250711171818.jpg
2025-07-15 01:22:20,574 - INFO - Detecting objects in image for message 172263: /app/src/../data/raw/telegram_media/photo_172263_20250711160656.jpg
2025-07-15 01:22:20,706 - INFO - Detecting objects in image for message 172252: /app/src/../data/raw/telegram_media/photo_172252_20250711150331.jpg
2025-07-15 01:22:20,810 - INFO - Detecting objects in image for message 172209: /app/src/../data/raw/telegram_media/photo_172209_20250711090659.jpg
2025-07-15 01:22:20,932 - INFO - Detecting objects in image for message 172186: /app/src/../data/raw/telegram_media/photo_172186_20250711072913.jpg
2025-07-15 01:22:21,061 - INFO - Detecting objects in image for message 172185: /app/src/../data/raw/telegram_media/photo_172185_20250711072913.jpg
2025-07-15 01:22:21,168 - INFO - Detecting objects in image for message 172178: /app/src/../data/raw/telegram_media/photo_172178_20250711062823.jpg
2025-07-15 01:22:21,292 - INFO - YOLO detection results saved to: /app/src/../data/raw/yolo_detections/yolo_detections_2025-07-15_012221.json
2025-07-15 01:22:21,293 - INFO - YOLO object detection pipeline finished.
